#
# A fatal error has been detected by the Java Runtime Environment:
#
#  SIGILL (0x4) at pc=0xb41bcd3c, pid=6983, tid=6984
#
# JRE version: OpenJDK Runtime Environment (11.0.8+10) (build 11.0.8+10-post-Debian-1deb10u1)
# Java VM: OpenJDK Server VM (11.0.8+10-post-Debian-1deb10u1, mixed mode, serial gc, linux-)
# Problematic frame:
# J 76 c2 java.lang.invoke.LambdaForm$Name.replaceNames([Ljava/lang/invoke/LambdaForm$Name;[Ljava/lang/invoke/LambdaForm$Name;II)Ljava/lang/invoke/LambdaForm$Name; java.base@11.0.8 (174 bytes) @ 0xb41bcd3c [0xb41bcbf0+0x0000014c]
#
# No core dump will be written. Core dumps have been disabled. To enable core dumping, try "ulimit -c unlimited" before starting Java again
#
# If you would like to submit a bug report, please visit:
#   https://bugs.debian.org/openjdk-11
#

---------------  S U M M A R Y ------------

Command Line: /home/debian/plantuml.jar docs/etchsketch.plantuml -o ./

Host: rev 2 (v7l), 1 cores, 483M, Debian GNU/Linux 10 (buster)
Time: Mon Sep 14 20:36:03 2020 UTC elapsed time: 3 seconds (0d 0h 0m 3s)

---------------  T H R E A D  ---------------

Current thread (0xb630e400):  JavaThread "main" [_thread_in_Java, id=6984, stack(0xb6483000,0xb64d3000)]

Stack: [0xb6483000,0xb64d3000],  sp=0xb64cff28,  free space=307k
Native frames: (J=compiled Java code, A=aot compiled Java code, j=interpreted, Vv=VM code, C=native code)
J 76 c2 java.lang.invoke.LambdaForm$Name.replaceNames([Ljava/lang/invoke/LambdaForm$Name;[Ljava/lang/invoke/LambdaForm$Name;II)Ljava/lang/invoke/LambdaForm$Name; java.base@11.0.8 (174 bytes) @ 0xb41bcd3c [0xb41bcbf0+0x0000014c]
j  java.lang.invoke.LambdaFormBuffer.endEdit()Ljava/lang/invoke/LambdaForm;+69 java.base@11.0.8
j  java.lang.invoke.LambdaFormEditor.makeArgumentCombinationForm(ILjava/lang/invoke/MethodType;[IZZ)Ljava/lang/invoke/LambdaForm;+586 java.base@11.0.8
j  java.lang.invoke.LambdaFormEditor.foldArgumentsForm(IZLjava/lang/invoke/MethodType;[I)Ljava/lang/invoke/LambdaForm;+106 java.base@11.0.8
j  java.lang.invoke.MethodHandles.foldArguments(Ljava/lang/invoke/MethodHandle;ILjava/lang/invoke/MethodHandle;[I)Ljava/lang/invoke/MethodHandle;+60 java.base@11.0.8
j  java.lang.invoke.StringConcatFactory$MethodHandleInlineCopyStrategy.generate(Ljava/lang/invoke/MethodType;Ljava/lang/invoke/StringConcatFactory$Recipe;)Ljava/lang/invoke/MethodHandle;+516 java.base@11.0.8
j  java.lang.invoke.StringConcatFactory.generate(Ljava/lang/invoke/MethodHandles$Lookup;Ljava/lang/String;Ljava/lang/invoke/MethodType;Ljava/lang/invoke/StringConcatFactory$Recipe;)Ljava/lang/invoke/MethodHandle;+101 java.base@11.0.8
j  java.lang.invoke.StringConcatFactory.doStringConcat(Ljava/lang/invoke/MethodHandles$Lookup;Ljava/lang/String;Ljava/lang/invoke/MethodType;ZLjava/lang/String;[Ljava/lang/Object;)Ljava/lang/invoke/CallSite;+507 java.base@11.0.8
j  java.lang.invoke.StringConcatFactory.makeConcatWithConstants(Ljava/lang/invoke/MethodHandles$Lookup;Ljava/lang/String;Ljava/lang/invoke/MethodType;Ljava/lang/String;[Ljava/lang/Object;)Ljava/lang/invoke/CallSite;+71 java.base@11.0.8
j  java.lang.invoke.DirectMethodHandle$Holder.invokeStatic(Ljava/lang/Object;Ljava/lang/Object;Ljava/lang/Object;Ljava/lang/Object;Ljava/lang/Object;Ljava/lang/Object;)Ljava/lang/Object;+18 java.base@11.0.8
j  java.lang.invoke.DelegatingMethodHandle$Holder.delegate(Ljava/lang/Object;Ljava/lang/Object;Ljava/lang/Object;Ljava/lang/Object;Ljava/lang/Object;Ljava/lang/Object;)Ljava/lang/Object;+21 java.base@11.0.8
j  java.lang.invoke.Invokers$Holder.invokeExact_MT(Ljava/lang/Object;Ljava/lang/Object;Ljava/lang/Object;Ljava/lang/Object;Ljava/lang/Object;Ljava/lang/Object;Ljava/lang/Object;)Ljava/lang/Object;+26 java.base@11.0.8
j  java.lang.invoke.BootstrapMethodInvoker.invoke(Ljava/lang/Class;Ljava/lang/invoke/MethodHandle;Ljava/lang/String;Ljava/lang/Object;Ljava/lang/Object;Ljava/lang/Class;)Ljava/lang/Object;+134 java.base@11.0.8
j  java.lang.invoke.CallSite.makeSite(Ljava/lang/invoke/MethodHandle;Ljava/lang/String;Ljava/lang/invoke/MethodType;Ljava/lang/Object;Ljava/lang/Class;)Ljava/lang/invoke/CallSite;+8 java.base@11.0.8
j  java.lang.invoke.MethodHandleNatives.linkCallSiteImpl(Ljava/lang/Class;Ljava/lang/invoke/MethodHandle;Ljava/lang/String;Ljava/lang/invoke/MethodType;Ljava/lang/Object;[Ljava/lang/Object;)Ljava/lang/invoke/MemberName;+6 java.base@11.0.8
j  java.lang.invoke.MethodHandleNatives.linkCallSite(Ljava/lang/Object;ILjava/lang/Object;Ljava/lang/Object;Ljava/lang/Object;Ljava/lang/Object;[Ljava/lang/Object;)Ljava/lang/invoke/MemberName;+46 java.base@11.0.8
v  ~StubRoutines::call_stub
C  0x00000000


siginfo: si_signo: 4 (SIGILL), si_code: 1 (ILL_ILLOPC), si_addr: 0xb41bcd3c

Register to memory mapping:

  r0  = 0xffffffe7
0xffffffe7 is an unknown value

  r1  = 0xffffffff
0xffffffff is an unknown value

  r2  = 0xac7522f8
0xac7522f8 is an oop: [Ljava.lang.invoke.LambdaForm$Name; 
{0xac7522f8} - klass: 'java/lang/invoke/LambdaForm$Name'[]
 - length: 33

  r3  = 0x00000021
0x00000021 is an unknown value

  r4  = 0x00000001
0x00000001 is an unknown value

  r5  = 0x00000000
0x0 is NULL

  r6  = 0x00000001
0x00000001 is an unknown value

  r7  = 0xac75b3c0

[error occurred during error reporting (printing register info), id 0xb, SIGSEGV (0xb) at pc=0xb6c6b7a0]

Registers:
  r0  = 0xffffffe7
  r1  = 0xffffffff
  r2  = 0xac7522f8
  r3  = 0x00000021
  r4  = 0x00000001
  r5  = 0x00000000
  r6  = 0x00000001
  r7  = 0xac75b3c0
  r8  = 0xac75b3d0
  r9  = 0xac2772d0
  r10 = 0xb630e400
  fp  = 0x00000010
  r12 = 0x00000006
  sp  = 0xb64cff28
  lr  = 0xac75b2e0
  pc  = 0xb41bcd3c
  cpsr = 0x80000010

Top of Stack: (sp=0xb64cff28)
0xb64cff28:   00000000 ac7522f8 ac75b370 ac75b2e0
0xb64cff38:   ac35f56c 00000000 00000000 00000000
0xb64cff48:   ac75afe8 00000009 ac75afc8 ac7522f8
0xb64cff58:   00000021 00000006 00000001 b64cff64
0xb64cff68:   ac2d68d0 b64cff94 b64cffbc b4179ee0
0xb64cff78:   00000009 ac2d6900 00000000 00000009
0xb64cff88:   00000000 ac7522f8 ac75b2e0 ac75afc8
0xb64cff98:   b64cff98 ac578145 b64cffd8 ac578c80 

Instructions: (pc=0xb41bcd3c)
0xb41bcc3c:   e5923008 e1a0e001 e5911008 e3e08000
0xb41bcc4c:   e3e09000 e1a0b006 e1a0cfc6 e09b8008
0xb41bcc5c:   e0ac9009 e1a0b001 e1a0cfc1 e1550001
0xb41bcc6c:   2a000179 e058000b e0d9100c 2a000176
0xb41bcc7c:   e246c003 e156000c b3a0c480 e285b001
0xb41bcc8c:   e3009000 e3008000 e58d5018 ed9d7a14
0xb41bcc9c:   ed8d7a09 e58d4028 e58de00c e58d202c
0xb41bccac:   e1a06007 e58d3030 e58dc034 e58db038
0xb41bccbc:   ea0000a8 e2855002 e2877008 e2855001
0xb41bcccc:   e2877004 e59db02c e08b7007 e58d7004
0xb41bccdc:   e59d7030 e1550007 2a00012d e59d8004
0xb41bccec:   e598800c e1540008 0a000034 e3590000
0xb41bccfc:   1a00001b e1a04106 e59d7020 e5979004
0xb41bcd0c:   e2847013 e3c7b007 e3560a40 8a0000ee
0xb41bcd1c:   e59a70d8 e59a40e0 e087800b e1580004
0xb41bcd2c:   2a0000e9 e3a04001 e58a80d8 e5874000
0xb41bcd3c:   f598f080 e5879004 f598f090 e5876008
0xb41bcd4c:   f598f0a0 e24b4008 e1a021a4 e2871008
0xb41bcd5c:   e59d5020 e2850008 ebff63dd e3009001
0xb41bcd6c:   e58d7020 e59d4020 e5944008 e59d5020
0xb41bcd7c:   e59d7004 e59d6014 e5955004 e597b00c
0xb41bcd8c:   e1560004 2a000112 e30762d0 e34a6c27
0xb41bcd9c:   e1550006 1a000117 e59d6000 e59d4020
0xb41bcdac:   e0845006 e285400c e3055000 e34b53b9
0xb41bcdbc:   e1a064a4 e3008000 e7c58006 e584b000
0xb41bcdcc:   e59d6020 e596e008 e59d4014 e2848001
0xb41bcddc:   e30bb000 e34bb6fd e59bc000 e158000e
0xb41bcdec:   ba00005b e3590000 1a000001 e59d4028
0xb41bcdfc:   ea000050 e59a70d8 e59a50e0 e2874020
0xb41bce0c:   e1540005 2a0000b6 e3085a98 e34a5c51
0xb41bce1c:   e58a40d8 e5958070 e5878000 e3088a98
0xb41bce2c:   e34a8c51 e5878004 e3008000 e3009000 


Stack slot to memory mapping:
stack at sp + 0 slots: 0x0 is NULL
stack at sp + 1 slots: 0xac7522f8 is an oop: [Ljava.lang.invoke.LambdaForm$Name; 
{0xac7522f8} - klass: 'java/lang/invoke/LambdaForm$Name'[]
 - length: 33
stack at sp + 2 slots: 0xac75b370 is an oop: java.util.ArrayList 
{0xac75b370} - klass: 'java/util/ArrayList'
stack at sp + 3 slots: 0xac75b2e0 is an oop: [Ljava.lang.invoke.LambdaForm$Name; 
{0xac75b2e0} - klass: 'java/lang/invoke/LambdaForm$Name'[]
 - length: 33
stack at sp + 4 slots: 0xac35f56c is pointing into metadata
stack at sp + 5 slots: 0x0 is NULL
stack at sp + 6 slots: 0x0 is NULL
stack at sp + 7 slots: 0x0 is NULL



---------------  P R O C E S S  ---------------

Threads class SMR info:
_java_thread_list=0xb63de3a0, length=8, elements={
0xb630e400, 0xb6371000, 0xb6374800, 0xb637e800,
0xb6381000, 0xb6382800, 0xb63d8000, 0xb63dd400
}

Java Threads: ( => current thread )
=>0xb630e400 JavaThread "main" [_thread_in_Java, id=6984, stack(0xb6483000,0xb64d3000)]
  0xb6371000 JavaThread "Reference Handler" daemon [_thread_blocked, id=6986, stack(0xb4024000,0xb4074000)]
  0xb6374800 JavaThread "Finalizer" daemon [_thread_blocked, id=6987, stack(0xabfb0000,0xac000000)]
  0xb637e800 JavaThread "Signal Dispatcher" daemon [_thread_blocked, id=6988, stack(0xabae6000,0xabb36000)]
  0xb6381000 JavaThread "C2 CompilerThread0" daemon [_thread_blocked, id=6989, stack(0xaba66000,0xabae6000)]
  0xb6382800 JavaThread "Sweeper thread" daemon [_thread_blocked, id=6990, stack(0xaba16000,0xaba66000)]
  0xb63d8000 JavaThread "Service Thread" daemon [_thread_blocked, id=6991, stack(0xab9c6000,0xaba16000)]
  0xb63dd400 JavaThread "Common-Cleaner" daemon [_thread_blocked, id=6993, stack(0xab8f4000,0xab944000)]

Other Threads:
  0xb636ac00 VMThread "VM Thread" [stack: 0xac134000,0xac1b4000] [id=6985]
  0xb63d9800 WatcherThread [stack: 0xab946000,0xab9c6000] [id=6992]

Threads with active compile tasks:

VM state:not at safepoint (normal execution)

VM Mutex/Monitor currently owned by a thread: None

Heap:
 def new generation   total 2432K, used 1680K [0xac600000, 0xac8a0000, 0xaeea0000)
  eden space 2176K,  65% used [0xac600000, 0xac764238, 0xac820000)
  from space 256K, 100% used [0xac860000, 0xac8a0000, 0xac8a0000)
  to   space 256K,   0% used [0xac820000, 0xac820000, 0xac860000)
 tenured generation   total 5504K, used 861K [0xaeea0000, 0xaf400000, 0xb4000000)
   the space 5504K,  15% used [0xaeea0000, 0xaef774f0, 0xaef77600, 0xaf400000)
 Metaspace       used 4674K, capacity 4719K, committed 4760K, reserved 5424K

Card table byte_map: [0xb40f8000,0xb4136000] _byte_map_base: 0xb3b95000

Polling page: 0xb6fdb000

Metaspace:

Usage:
    4.61 MB capacity,     4.57 MB (>99%) used,    34.88 KB ( <1%) free+waste,     9.22 KB ( <1%) overhead. 

Virtual space:
      5.30 MB reserved,       4.65 MB ( 88%) committed 

Chunk freelists:
0 bytes

MaxMetaspaceSize: unlimited


CodeCache: size=32768Kb used=285Kb max_used=298Kb free=32482Kb
 bounds [0xb4176000, 0xb42f6000, 0xb6176000]
 total_blobs=239 nmethods=84 adapters=108
 compilation: enabled
              stopped_count=0, restarted_count=0
 full_count=0

Compilation events (20 events):
Event: 2.870 Thread 0xb6381000 nmethod 37 0xb41b6e88 code [0xb41b6f80, 0xb41b6ffc]
Event: 2.870 Thread 0xb6381000   38             java.lang.String::charAt (25 bytes)
Event: 2.883 Thread 0xb6381000 nmethod 38 0xb41b6c08 code [0xb41b6d00, 0xb41b6d8c]
Event: 2.884 Thread 0xb6381000   39             java.lang.StringUTF16::charAt (11 bytes)
Event: 2.894 Thread 0xb6381000 nmethod 39 0xb41b6808 code [0xb41b6900, 0xb41b697c]
Event: 2.919 Thread 0xb6381000   45             java.lang.String::coder (15 bytes)
Event: 2.921 Thread 0xb6381000 nmethod 45 0xb41b5e88 code [0xb41b5f80, 0xb41b5fdc]
Event: 2.943 Thread 0xb6381000   46             java.lang.StringUTF16::putChar (54 bytes)
Event: 2.953 Thread 0xb6381000 nmethod 46 0xb41baa88 code [0xb41bab80, 0xb41bac3c]
Event: 2.977 Thread 0xb6381000   49             java.lang.StringUTF16::indexOfCharUnsafe (30 bytes)
Event: 2.997 Thread 0xb6381000 nmethod 49 0xb41b8188 code [0xb41b8280, 0xb41b838c]
Event: 3.061 Thread 0xb6381000   61             jdk.internal.org.objectweb.asm.ByteVector::putUTF8 (142 bytes)
Event: 3.193 Thread 0xb6381000 nmethod 61 0xb41b9c08 code [0xb41b9d20, 0xb41ba0b8]
Event: 3.306 Thread 0xb6381000   74             java.lang.String::hashCode (49 bytes)
Event: 3.335 Thread 0xb6381000 nmethod 74 0xb41bbe08 code [0xb41bbf00, 0xb41bc04c]
Event: 3.351 Thread 0xb6381000   75             java.lang.StringUTF16::equals (44 bytes)
Event: 3.385 Thread 0xb6381000 nmethod 75 0xb41bbb08 code [0xb41bbc00, 0xb41bbd7c]
Event: 3.426 Thread 0xb6381000   76             java.lang.invoke.LambdaForm$Name::replaceNames (174 bytes)
Event: 3.674 Thread 0xb6381000 nmethod 76 0xb41bca88 code [0xb41bcbf0, 0xb41bd370]
Event: 3.675 Thread 0xb6381000   81             java.lang.invoke.LambdaForm$Name::useCount (42 bytes)

GC Heap History (2 events):
Event: 2.252 GC heap before
{Heap before GC invocations=0 (full 0):
 def new generation   total 2432K, used 2166K [0xac600000, 0xac8a0000, 0xaeea0000)
  eden space 2176K,  99% used [0xac600000, 0xac81da10, 0xac820000)
  from space 256K,   0% used [0xac820000, 0xac820000, 0xac860000)
  to   space 256K,   0% used [0xac860000, 0xac860000, 0xac8a0000)
 tenured generation   total 5504K, used 0K [0xaeea0000, 0xaf400000, 0xb4000000)
   the space 5504K,   0% used [0xaeea0000, 0xaeea0000, 0xaeea0200, 0xaf400000)
 Metaspace       used 3960K, capacity 4004K, committed 4120K, reserved 4400K
}
Event: 2.299 GC heap after
{Heap after GC invocations=1 (full 0):
 def new generation   total 2432K, used 256K [0xac600000, 0xac8a0000, 0xaeea0000)
  eden space 2176K,   0% used [0xac600000, 0xac600000, 0xac820000)
  from space 256K, 100% used [0xac860000, 0xac8a0000, 0xac8a0000)
  to   space 256K,   0% used [0xac820000, 0xac820000, 0xac860000)
 tenured generation   total 5504K, used 861K [0xaeea0000, 0xaf400000, 0xb4000000)
   the space 5504K,  15% used [0xaeea0000, 0xaef774f0, 0xaef77600, 0xaf400000)
 Metaspace       used 3960K, capacity 4004K, committed 4120K, reserved 4400K
}

Deoptimization events (0 events):
No events

Classes redefined (0 events):
No events

Internal exceptions (4 events):
Event: 2.406 Thread 0xb630e400 Exception <a 'java/lang/ClassNotFoundException'{0xac654230}: sun/awt/resources/spi/awtProvider> (0xac654230) thrown at [src/hotspot/share/classfile/systemDictionary.cpp, line 231]
Event: 3.287 Thread 0xb630e400 Exception <a 'java/io/FileNotFoundException'{0xac6ec470}> (0xac6ec470) thrown at [src/hotspot/share/prims/jni.cpp, line 615]
Event: 3.599 Thread 0xb630e400 Exception <a 'java/lang/NoSuchMethodError'{0xac744f08}: 'java.lang.Object java.lang.invoke.DirectMethodHandle$Holder.invokeStatic(java.lang.Object, java.lang.Object, java.lang.Object, java.lang.Object, java.lang.Object, java.lang.Object, java.lang.Object, java.lang.Object, java.lang.Object, java.lang.Object, java.lang.Object, java.lang.Object, java.lang.Object, java.lang.Object, java.lang.Object)'> (0xac744f08) thrown at [src/hotspot/share/interpreter/linkResolver.cpp, line 773]
Event: 3.669 Thread 0xb630e400 Exception <a 'java/lang/NoSuchMethodError'{0xac7534f0}: 'java.lang.Object java.lang.invoke.DirectMethodHandle$Holder.invokeStatic(java.lang.Object, java.lang.Object, java.lang.Object, java.lang.Object, java.lang.Object, java.lang.Object, java.lang.Object, java.lang.Object, java.lang.Object, java.lang.Object, java.lang.Object, java.lang.Object, java.lang.Object, java.lang.Object, java.lang.Object, java.lang.Object)'> (0xac7534f0) thrown at [src/hotspot/share/interpreter/linkResolver.cpp, line 773]

Events (20 events):
Event: 3.237 loading class java/lang/invoke/BoundMethodHandle$Species_LLLLLLLLLIIL
Event: 3.238 loading class java/lang/invoke/BoundMethodHandle$Species_LLLLLLLLLIIL done
Event: 3.260 loading class java/lang/invoke/BoundMethodHandle$Species_LLLLLLLLLIILL
Event: 3.260 loading class java/lang/invoke/BoundMethodHandle$Species_LLLLLLLLLIILL done
Event: 3.285 loading class java/io/FileNotFoundException
Event: 3.286 loading class java/io/FileNotFoundException done
Event: 3.473 loading class java/lang/invoke/BoundMethodHandle$Species_LLLLLLLLLL
Event: 3.474 loading class java/lang/invoke/BoundMethodHandle$Species_LLLLLLLLLL done
Event: 3.511 loading class java/lang/invoke/BoundMethodHandle$Species_LLLLLLLLLLL
Event: 3.520 loading class java/lang/invoke/BoundMethodHandle$Species_LLLLLLLLLLL done
Event: 3.593 loading class java/lang/invoke/BoundMethodHandle$Species_LLLLLLLLLLLL
Event: 3.593 loading class java/lang/invoke/BoundMethodHandle$Species_LLLLLLLLLLLL done
Event: 3.597 loading class java/lang/NoSuchMethodError
Event: 3.597 loading class java/lang/IncompatibleClassChangeError
Event: 3.598 loading class java/lang/IncompatibleClassChangeError done
Event: 3.598 loading class java/lang/NoSuchMethodError done
Event: 3.609 loading class sun/reflect/misc/ReflectUtil
Event: 3.610 loading class sun/reflect/misc/ReflectUtil done
Event: 3.660 loading class java/lang/invoke/BoundMethodHandle$Species_LLLLLLLLLLLLL
Event: 3.661 loading class java/lang/invoke/BoundMethodHandle$Species_LLLLLLLLLLLLL done


Dynamic libraries:
00498000-00499000 r-xp 00000000 b3:01 276487     /usr/lib/jvm/java-11-openjdk-armhf/bin/java
004a8000-004a9000 r-xp 00000000 b3:01 276487     /usr/lib/jvm/java-11-openjdk-armhf/bin/java
004a9000-004aa000 rwxp 00001000 b3:01 276487     /usr/lib/jvm/java-11-openjdk-armhf/bin/java
0118b000-012ee000 rwxp 00000000 00:00 0          [heap]
ab600000-ab660000 rwxp 00000000 00:00 0 
ab660000-ab700000 ---p 00000000 00:00 0 
ab700000-ab77a000 rwxp 00000000 00:00 0 
ab77a000-ab800000 ---p 00000000 00:00 0 
ab847000-ab84c000 r-xp 00000000 b3:01 276541     /usr/lib/jvm/java-11-openjdk-armhf/lib/libawt_headless.so
ab84c000-ab85b000 ---p 00005000 b3:01 276541     /usr/lib/jvm/java-11-openjdk-armhf/lib/libawt_headless.so
ab85b000-ab85c000 r-xp 00004000 b3:01 276541     /usr/lib/jvm/java-11-openjdk-armhf/lib/libawt_headless.so
ab85c000-ab85d000 rwxp 00005000 b3:01 276541     /usr/lib/jvm/java-11-openjdk-armhf/lib/libawt_headless.so
ab85d000-ab8b9000 r-xp 00000000 b3:01 276540     /usr/lib/jvm/java-11-openjdk-armhf/lib/libawt.so
ab8b9000-ab8c8000 ---p 0005c000 b3:01 276540     /usr/lib/jvm/java-11-openjdk-armhf/lib/libawt.so
ab8c8000-ab8c9000 r-xp 0005b000 b3:01 276540     /usr/lib/jvm/java-11-openjdk-armhf/lib/libawt.so
ab8c9000-ab8cf000 rwxp 0005c000 b3:01 276540     /usr/lib/jvm/java-11-openjdk-armhf/lib/libawt.so
ab8cf000-ab8f4000 rwxp 00000000 00:00 0 
ab8f4000-ab8f7000 ---p 00000000 00:00 0 
ab8f7000-ab944000 rwxp 00000000 00:00 0 
ab944000-ab945000 ---p 00000000 00:00 0 
ab945000-ab9c6000 rwxp 00000000 00:00 0 
ab9c6000-ab9c9000 ---p 00000000 00:00 0 
ab9c9000-aba16000 rwxp 00000000 00:00 0 
aba16000-aba19000 ---p 00000000 00:00 0 
aba19000-aba66000 rwxp 00000000 00:00 0 
aba66000-aba69000 ---p 00000000 00:00 0 
aba69000-abae6000 rwxp 00000000 00:00 0 
abae6000-abae9000 ---p 00000000 00:00 0 
abae9000-abb36000 rwxp 00000000 00:00 0 
abb36000-abdb0000 r-xp 0006b000 b3:01 26891      /usr/lib/locale/locale-archive
abdb0000-abfb0000 r-xp 00000000 b3:01 26891      /usr/lib/locale/locale-archive
abfb0000-abfb3000 ---p 00000000 00:00 0 
abfb3000-ac000000 rwxp 00000000 00:00 0 
ac000000-ac021000 rwxp 00000000 00:00 0 
ac021000-ac100000 ---p 00000000 00:00 0 
ac112000-ac121000 r-xp 00000000 b3:01 276563     /usr/lib/jvm/java-11-openjdk-armhf/lib/libnet.so
ac121000-ac130000 ---p 0000f000 b3:01 276563     /usr/lib/jvm/java-11-openjdk-armhf/lib/libnet.so
ac130000-ac131000 r-xp 0000e000 b3:01 276563     /usr/lib/jvm/java-11-openjdk-armhf/lib/libnet.so
ac131000-ac132000 rwxp 0000f000 b3:01 276563     /usr/lib/jvm/java-11-openjdk-armhf/lib/libnet.so
ac132000-ac133000 ---p 00000000 00:00 0 
ac133000-ac5fa000 rwxp 00000000 00:00 0 
ac5fa000-ac600000 ---p 00000000 00:00 0 
ac600000-ac8a0000 rwxp 00000000 00:00 0 
ac8a0000-aeea0000 ---p 00000000 00:00 0 
aeea0000-af400000 rwxp 00000000 00:00 0 
af400000-b4000000 ---p 00000000 00:00 0 
b4008000-b4012000 r-xp 00000000 b3:01 276564     /usr/lib/jvm/java-11-openjdk-armhf/lib/libnio.so
b4012000-b4022000 ---p 0000a000 b3:01 276564     /usr/lib/jvm/java-11-openjdk-armhf/lib/libnio.so
b4022000-b4023000 r-xp 0000a000 b3:01 276564     /usr/lib/jvm/java-11-openjdk-armhf/lib/libnio.so
b4023000-b4024000 rwxp 0000b000 b3:01 276564     /usr/lib/jvm/java-11-openjdk-armhf/lib/libnio.so
b4024000-b4027000 ---p 00000000 00:00 0 
b4027000-b40d2000 rwxp 00000000 00:00 0 
b40d2000-b40f8000 ---p 00000000 00:00 0 
b40f8000-b40fa000 rwxp 00000000 00:00 0 
b40fa000-b410c000 ---p 00000000 00:00 0 
b410c000-b410f000 rwxp 00000000 00:00 0 
b410f000-b4135000 ---p 00000000 00:00 0 
b4135000-b4139000 rwxp 00000000 00:00 0 
b4139000-b4176000 ---p 00000000 00:00 0 
b4176000-b42f6000 rwxp 00000000 00:00 0 
b42f6000-b6176000 ---p 00000000 00:00 0 
b6176000-b617d000 r-xp 00000000 b3:01 42183      /lib/arm-linux-gnueabihf/libnss_files-2.28.so
b617d000-b618c000 ---p 00007000 b3:01 42183      /lib/arm-linux-gnueabihf/libnss_files-2.28.so
b618c000-b618d000 r-xp 00006000 b3:01 42183      /lib/arm-linux-gnueabihf/libnss_files-2.28.so
b618d000-b618e000 rwxp 00007000 b3:01 42183      /lib/arm-linux-gnueabihf/libnss_files-2.28.so
b618e000-b6194000 rwxp 00000000 00:00 0 
b6194000-b6300000 r-xs 00000000 b3:01 276573     /usr/lib/jvm/java-11-openjdk-armhf/lib/modules
b6300000-b63ff000 rwxp 00000000 00:00 0 
b63ff000-b6400000 ---p 00000000 00:00 0 
b6400000-b6405000 r-xp 00000000 b3:01 276572     /usr/lib/jvm/java-11-openjdk-armhf/lib/libzip.so
b6405000-b6414000 ---p 00005000 b3:01 276572     /usr/lib/jvm/java-11-openjdk-armhf/lib/libzip.so
b6414000-b6415000 r-xp 00004000 b3:01 276572     /usr/lib/jvm/java-11-openjdk-armhf/lib/libzip.so
b6415000-b6416000 rwxp 00005000 b3:01 276572     /usr/lib/jvm/java-11-openjdk-armhf/lib/libzip.so
b6416000-b6419000 r-xp 00000000 b3:01 276555     /usr/lib/jvm/java-11-openjdk-armhf/lib/libjimage.so
b6419000-b6428000 ---p 00003000 b3:01 276555     /usr/lib/jvm/java-11-openjdk-armhf/lib/libjimage.so
b6428000-b6429000 r-xp 00002000 b3:01 276555     /usr/lib/jvm/java-11-openjdk-armhf/lib/libjimage.so
b6429000-b642a000 rwxp 00003000 b3:01 276555     /usr/lib/jvm/java-11-openjdk-armhf/lib/libjimage.so
b642a000-b6442000 r-xp 00000000 b3:01 276551     /usr/lib/jvm/java-11-openjdk-armhf/lib/libjava.so
b6442000-b6452000 ---p 00018000 b3:01 276551     /usr/lib/jvm/java-11-openjdk-armhf/lib/libjava.so
b6452000-b6453000 r-xp 00018000 b3:01 276551     /usr/lib/jvm/java-11-openjdk-armhf/lib/libjava.so
b6453000-b6454000 rwxp 00019000 b3:01 276551     /usr/lib/jvm/java-11-openjdk-armhf/lib/libjava.so
b6454000-b645b000 r-xp 00000000 b3:01 276571     /usr/lib/jvm/java-11-openjdk-armhf/lib/libverify.so
b645b000-b646b000 ---p 00007000 b3:01 276571     /usr/lib/jvm/java-11-openjdk-armhf/lib/libverify.so
b646b000-b646c000 r-xp 00007000 b3:01 276571     /usr/lib/jvm/java-11-openjdk-armhf/lib/libverify.so
b646c000-b646d000 rwxp 00008000 b3:01 276571     /usr/lib/jvm/java-11-openjdk-armhf/lib/libverify.so
b646d000-b6472000 r-xp 00000000 b3:01 42126      /lib/arm-linux-gnueabihf/librt-2.28.so
b6472000-b6481000 ---p 00005000 b3:01 42126      /lib/arm-linux-gnueabihf/librt-2.28.so
b6481000-b6482000 r-xp 00004000 b3:01 42126      /lib/arm-linux-gnueabihf/librt-2.28.so
b6482000-b6483000 rwxp 00005000 b3:01 42126      /lib/arm-linux-gnueabihf/librt-2.28.so
b6483000-b6486000 ---p 00000000 00:00 0 
b6486000-b64d3000 rwxp 00000000 00:00 0 
b64d3000-b64eb000 r-xp 00000000 b3:01 42272      /lib/arm-linux-gnueabihf/libgcc_s.so.1
b64eb000-b64fa000 ---p 00018000 b3:01 42272      /lib/arm-linux-gnueabihf/libgcc_s.so.1
b64fa000-b64fb000 r-xp 00017000 b3:01 42272      /lib/arm-linux-gnueabihf/libgcc_s.so.1
b64fb000-b64fc000 rwxp 00018000 b3:01 42272      /lib/arm-linux-gnueabihf/libgcc_s.so.1
b64fc000-b6566000 r-xp 00000000 b3:01 42179      /lib/arm-linux-gnueabihf/libm-2.28.so
b6566000-b6575000 ---p 0006a000 b3:01 42179      /lib/arm-linux-gnueabihf/libm-2.28.so
b6575000-b6576000 r-xp 00069000 b3:01 42179      /lib/arm-linux-gnueabihf/libm-2.28.so
b6576000-b6577000 rwxp 0006a000 b3:01 42179      /lib/arm-linux-gnueabihf/libm-2.28.so
b6577000-b666a000 r-xp 00000000 b3:01 26195      /usr/lib/arm-linux-gnueabihf/libstdc++.so.6.0.25
b666a000-b6679000 ---p 000f3000 b3:01 26195      /usr/lib/arm-linux-gnueabihf/libstdc++.so.6.0.25
b6679000-b667e000 r-xp 000f2000 b3:01 26195      /usr/lib/arm-linux-gnueabihf/libstdc++.so.6.0.25
b667e000-b6680000 rwxp 000f7000 b3:01 26195      /usr/lib/arm-linux-gnueabihf/libstdc++.so.6.0.25
b6680000-b6682000 rwxp 00000000 00:00 0 
b6682000-b6db1000 r-xp 00000000 b3:01 276578     /usr/lib/jvm/java-11-openjdk-armhf/lib/server/libjvm.so
b6db1000-b6dc0000 ---p 0072f000 b3:01 276578     /usr/lib/jvm/java-11-openjdk-armhf/lib/server/libjvm.so
b6dc0000-b6e01000 r-xp 0072e000 b3:01 276578     /usr/lib/jvm/java-11-openjdk-armhf/lib/server/libjvm.so
b6e01000-b6e1a000 rwxp 0076f000 b3:01 276578     /usr/lib/jvm/java-11-openjdk-armhf/lib/server/libjvm.so
b6e1a000-b6e45000 rwxp 00000000 00:00 0 
b6e45000-b6f29000 r-xp 00000000 b3:01 42224      /lib/arm-linux-gnueabihf/libc-2.28.so
b6f29000-b6f39000 ---p 000e4000 b3:01 42224      /lib/arm-linux-gnueabihf/libc-2.28.so
b6f39000-b6f3b000 r-xp 000e4000 b3:01 42224      /lib/arm-linux-gnueabihf/libc-2.28.so
b6f3b000-b6f3c000 rwxp 000e6000 b3:01 42224      /lib/arm-linux-gnueabihf/libc-2.28.so
b6f3c000-b6f3f000 rwxp 00000000 00:00 0 
b6f3f000-b6f41000 r-xp 00000000 b3:01 42190      /lib/arm-linux-gnueabihf/libdl-2.28.so
b6f41000-b6f50000 ---p 00002000 b3:01 42190      /lib/arm-linux-gnueabihf/libdl-2.28.so
b6f50000-b6f51000 r-xp 00001000 b3:01 42190      /lib/arm-linux-gnueabihf/libdl-2.28.so
b6f51000-b6f52000 rwxp 00002000 b3:01 42190      /lib/arm-linux-gnueabihf/libdl-2.28.so
b6f52000-b6f5c000 r-xp 00000000 b3:01 276535     /usr/lib/jvm/java-11-openjdk-armhf/lib/jli/libjli.so
b6f5c000-b6f6b000 ---p 0000a000 b3:01 276535     /usr/lib/jvm/java-11-openjdk-armhf/lib/jli/libjli.so
b6f6b000-b6f6c000 r-xp 00009000 b3:01 276535     /usr/lib/jvm/java-11-openjdk-armhf/lib/jli/libjli.so
b6f6c000-b6f6d000 rwxp 0000a000 b3:01 276535     /usr/lib/jvm/java-11-openjdk-armhf/lib/jli/libjli.so
b6f6d000-b6f7f000 r-xp 00000000 b3:01 42185      /lib/arm-linux-gnueabihf/libpthread-2.28.so
b6f7f000-b6f8e000 ---p 00012000 b3:01 42185      /lib/arm-linux-gnueabihf/libpthread-2.28.so
b6f8e000-b6f8f000 r-xp 00011000 b3:01 42185      /lib/arm-linux-gnueabihf/libpthread-2.28.so
b6f8f000-b6f90000 rwxp 00012000 b3:01 42185      /lib/arm-linux-gnueabihf/libpthread-2.28.so
b6f90000-b6f92000 rwxp 00000000 00:00 0 
b6f92000-b6fa5000 r-xp 00000000 b3:01 42242      /lib/arm-linux-gnueabihf/libz.so.1.2.11
b6fa5000-b6fb4000 ---p 00013000 b3:01 42242      /lib/arm-linux-gnueabihf/libz.so.1.2.11
b6fb4000-b6fb5000 r-xp 00012000 b3:01 42242      /lib/arm-linux-gnueabihf/libz.so.1.2.11
b6fb5000-b6fb6000 rwxp 00013000 b3:01 42242      /lib/arm-linux-gnueabihf/libz.so.1.2.11
b6fb6000-b6fce000 r-xp 00000000 b3:01 42283      /lib/arm-linux-gnueabihf/ld-2.28.so
b6fcf000-b6fd1000 rwxp 00000000 00:00 0 
b6fd1000-b6fd3000 r-xs 00007000 b3:01 387363     /usr/share/java/java-atk-wrapper.jar
b6fd3000-b6fdb000 rwxs 00000000 b3:01 387690     /tmp/hsperfdata_debian/6983
b6fdb000-b6fdc000 r-xp 00000000 00:00 0 
b6fdc000-b6fde000 rwxp 00000000 00:00 0 
b6fde000-b6fdf000 r-xp 00018000 b3:01 42283      /lib/arm-linux-gnueabihf/ld-2.28.so
b6fdf000-b6fe0000 rwxp 00019000 b3:01 42283      /lib/arm-linux-gnueabihf/ld-2.28.so
bef77000-bef98000 rw-p 00000000 00:00 0          [stack]
bef9f000-befa0000 r-xp 00000000 00:00 0          [sigpage]
befa0000-befa1000 r--p 00000000 00:00 0          [vvar]
befa1000-befa2000 r-xp 00000000 00:00 0          [vdso]
ffff0000-ffff1000 r-xp 00000000 00:00 0          [vectors]


VM Arguments:
java_command: /home/debian/plantuml.jar docs/etchsketch.plantuml -o ./
java_class_path (initial): /home/debian/plantuml.jar
Launcher Type: SUN_STANDARD

[Global flags]
   size_t InitialHeapSize                          = 8388608                                   {product} {ergonomic}
   size_t MaxHeapSize                              = 127926272                                 {product} {ergonomic}
   size_t MaxNewSize                               = 42598400                                  {product} {ergonomic}
   size_t MinHeapDeltaBytes                        = 131072                                    {product} {ergonomic}
   size_t NewSize                                  = 2752512                                   {product} {ergonomic}
    uintx NonProfiledCodeHeapSize                  = 0                                      {pd product} {ergonomic}
   size_t OldSize                                  = 5636096                                   {product} {ergonomic}
    uintx ProfiledCodeHeapSize                     = 0                                      {pd product} {ergonomic}
     bool UseSerialGC                              = true                                      {product} {ergonomic}

Logging:
Log output configuration:
 #0: stdout all=warning uptime,level,tags
 #1: stderr all=off uptime,level,tags

Environment Variables:
PATH=/home/debian/.vscode-server/bin/e790b931385d72cf5669fcefc51cdf65990efa5d/bin:/home/debian/bin:/usr/local/sbin:/usr/local/bin:/usr/sbin:/usr/bin:/sbin:/bin:/usr/local/games:/usr/games
SHELL=/bin/bash
LANG=en_US.UTF-8

Signal Handlers:
SIGSEGV: [libjvm.so+0x699f41], sa_mask[0]=11111111011111111101111111111110, sa_flags=SA_RESTART|SA_SIGINFO
SIGBUS: [libjvm.so+0x699f41], sa_mask[0]=11111111011111111101111111111110, sa_flags=SA_RESTART|SA_SIGINFO
SIGFPE: [libjvm.so+0x699f41], sa_mask[0]=11111111011111111101111111111110, sa_flags=SA_RESTART|SA_SIGINFO
SIGPIPE: [libjvm.so+0x5557d9], sa_mask[0]=11111111011111111101111111111110, sa_flags=SA_RESTART|SA_SIGINFO
SIGXFSZ: [libjvm.so+0x5557d9], sa_mask[0]=11111111011111111101111111111110, sa_flags=SA_RESTART|SA_SIGINFO
SIGILL: [libjvm.so+0x699f41], sa_mask[0]=11111111011111111101111111111110, sa_flags=SA_RESTART|SA_SIGINFO
SIGUSR2: [libjvm.so+0x5556f5], sa_mask[0]=00000000000000000000000000000000, sa_flags=SA_RESTART|SA_SIGINFO
SIGHUP: [libjvm.so+0x555d95], sa_mask[0]=11111111011111111101111111111110, sa_flags=SA_RESTART|SA_SIGINFO
SIGINT: [libjvm.so+0x555d95], sa_mask[0]=11111111011111111101111111111110, sa_flags=SA_RESTART|SA_SIGINFO
SIGTERM: [libjvm.so+0x555d95], sa_mask[0]=11111111011111111101111111111110, sa_flags=SA_RESTART|SA_SIGINFO
SIGQUIT: [libjvm.so+0x555d95], sa_mask[0]=11111111011111111101111111111110, sa_flags=SA_RESTART|SA_SIGINFO


---------------  S Y S T E M  ---------------

OS:PRETTY_NAME="Debian GNU/Linux 10 (buster)"
NAME="Debian GNU/Linux"
VERSION_ID="10"
VERSION="10 (buster)"
VERSION_CODENAME=buster
ID=debian
HOME_URL="https://www.debian.org/"
SUPPORT_URL="https://www.debian.org/support"
BUG_REPORT_URL="https://bugs.debian.org/"
uname:Linux 4.19.94-ti-r51 #1buster SMP PREEMPT Wed Sep 9 17:13:58 UTC 2020 armv7l
OS uptime: 0 days 1:21 hours
libc:glibc 2.28 NPTL 2.28 
rlimit (soft/hard): STACK 8192k/infinity , CORE 0k/infinity , NPROC 3421/3421 , NOFILE 1048576/1048576 , AS infinity/infinity , CPU infinity/infinity , DATA infinity/infinity , FSIZE infinity/infinity , MEMLOCK 65536k/65536k
load average:0.58 1.11 1.31

/proc/meminfo:
MemTotal:         495008 kB
MemFree:           61624 kB
MemAvailable:     257548 kB
Buffers:           31648 kB
Cached:           146424 kB
SwapCached:            0 kB
Active:           289224 kB
Inactive:          89572 kB
Active(anon):     193256 kB
Inactive(anon):     1404 kB
Active(file):      95968 kB
Inactive(file):    88168 kB
Unevictable:           0 kB
Mlocked:               0 kB
HighTotal:             0 kB
HighFree:              0 kB
LowTotal:         495008 kB
LowFree:           61624 kB
SwapTotal:             0 kB
SwapFree:              0 kB
Dirty:                60 kB
Writeback:             0 kB
AnonPages:        200760 kB
Mapped:            43496 kB
Shmem:              1592 kB
Slab:              41124 kB
SReclaimable:      22804 kB
SUnreclaim:        18320 kB
KernelStack:        1496 kB
PageTables:         3284 kB
NFS_Unstable:          0 kB
Bounce:                0 kB
WritebackTmp:          0 kB
CommitLimit:      247504 kB
Committed_AS:     746368 kB
VmallocTotal:     516096 kB
VmallocUsed:           0 kB
VmallocChunk:          0 kB
Percpu:              140 kB
CmaTotal:          49152 kB
CmaFree:           14616 kB

/sys/kernel/mm/transparent_hugepage/enabled:
  <Not Available>

/sys/kernel/mm/transparent_hugepage/defrag (defrag/compaction efforts parameter):
  <Not Available>


/proc/sys/kernel/threads-max (system-wide limit on the number of threads):
6842


/proc/sys/vm/max_map_count (maximum number of memory map areas a process may have):
65530


/proc/sys/kernel/pid_max (system-wide limit on number of process identifiers):
32768



container (cgroup) information:
container_type: cgroupv1
cpu_cpuset_cpus: 0
cpu_memory_nodes: 0
active_processor_count: 1
cpu_quota: -1
cpu_period: 100000
cpu_shares: -1
memory_limit_in_bytes: -1
memory_and_swap_limit_in_bytes: -1
memory_soft_limit_in_bytes: -1
memory_usage_in_bytes: 338317312
memory_max_usage_in_bytes: 409182208

Steal ticks since vm start: 0
Steal ticks percentage since vm start:  0.000

CPU:total 1 (initial active 1) (ARMv7), vfp, vfp3-32, simd

/proc/cpuinfo:
processor	: 0
model name	: ARMv7 Processor rev 2 (v7l)
BogoMIPS	: 995.32
Features	: half thumb fastmult vfp edsp thumbee neon vfpv3 tls vfpd32 
CPU implementer	: 0x41
CPU architecture: 7
CPU variant	: 0x3
CPU part	: 0xc08
CPU revision	: 2

Hardware	: Generic AM33XX (Flattened Device Tree)
Revision	: 0000
Serial		: 2319BBBK03E0

Memory: 4k page, physical 495008k(61624k free), swap 0k(0k free)

vm_info: OpenJDK Server VM (11.0.8+10-post-Debian-1deb10u1) for linux- JRE (11.0.8+10-post-Debian-1deb10u1), built on Jul 23 2020 14:58:04 by "unknown" with gcc 8.3.0

END.
